This is pdfTeX, Version 3.14159265-2.6-1.40.16 (TeX Live 2015) (preloaded format=pdflatex 2015.5.24)  3 APR 2016 17:51
entering extended mode
 restricted \write18 enabled.
 %&-line parsing enabled.
**main.tex
(./main.tex
LaTeX2e <2015/01/01>
Babel <3.9l> and hyphenation patterns for 79 languages loaded.
(./sig-alternate-05-2015.cls
(/usr/local/texlive/2015/texmf-dist/tex/latex/graphics/epsfig.sty
Package: epsfig 1999/02/16 v1.7a (e)psfig emulation (SPQR)

(/usr/local/texlive/2015/texmf-dist/tex/latex/graphics/graphicx.sty
Package: graphicx 2014/10/28 v1.0g Enhanced LaTeX Graphics (DPC,SPQR)

(/usr/local/texlive/2015/texmf-dist/tex/latex/graphics/keyval.sty
Package: keyval 2014/10/28 v1.15 key=value parser (DPC)
\KV@toks@=\toks14
)
(/usr/local/texlive/2015/texmf-dist/tex/latex/graphics/graphics.sty
Package: graphics 2014/10/28 v1.0p Standard LaTeX Graphics (DPC,SPQR)

(/usr/local/texlive/2015/texmf-dist/tex/latex/graphics/trig.sty
Package: trig 1999/03/16 v1.09 sin cos tan (DPC)
)
(/usr/local/texlive/2015/texmf-dist/tex/latex/latexconfig/graphics.cfg
File: graphics.cfg 2010/04/23 v1.9 graphics configuration of TeX Live
)
Package graphics Info: Driver file: pdftex.def on input line 94.

(/usr/local/texlive/2015/texmf-dist/tex/latex/pdftex-def/pdftex.def
File: pdftex.def 2011/05/27 v0.06d Graphics/color for pdfTeX

(/usr/local/texlive/2015/texmf-dist/tex/generic/oberdiek/infwarerr.sty
Package: infwarerr 2010/04/08 v1.3 Providing info/warning/error messages (HO)
)
(/usr/local/texlive/2015/texmf-dist/tex/generic/oberdiek/ltxcmds.sty
Package: ltxcmds 2011/11/09 v1.22 LaTeX kernel commands for general use (HO)
)
\Gread@gobject=\count79
))
\Gin@req@height=\dimen102
\Gin@req@width=\dimen103
)
\epsfxsize=\dimen104
\epsfysize=\dimen105
)
(/usr/local/texlive/2015/texmf-dist/tex/latex/amsfonts/amssymb.sty
Package: amssymb 2013/01/14 v3.01 AMS font symbols

(/usr/local/texlive/2015/texmf-dist/tex/latex/amsfonts/amsfonts.sty
Package: amsfonts 2013/01/14 v3.01 Basic AMSFonts support
\@emptytoks=\toks15
\symAMSa=\mathgroup4
\symAMSb=\mathgroup5
LaTeX Font Info:    Overwriting math alphabet `\mathfrak' in version `bold'
(Font)                  U/euf/m/n --> U/euf/b/n on input line 106.
))
(/usr/local/texlive/2015/texmf-dist/tex/latex/amsmath/amsmath.sty
Package: amsmath 2013/01/14 v2.14 AMS math features
\@mathmargin=\skip41

For additional information on amsmath, use the `?' option.
(/usr/local/texlive/2015/texmf-dist/tex/latex/amsmath/amstext.sty
Package: amstext 2000/06/29 v2.01

(/usr/local/texlive/2015/texmf-dist/tex/latex/amsmath/amsgen.sty
File: amsgen.sty 1999/11/30 v2.0
\@emptytoks=\toks16
\ex@=\dimen106
))
(/usr/local/texlive/2015/texmf-dist/tex/latex/amsmath/amsbsy.sty
Package: amsbsy 1999/11/29 v1.2d
\pmbraise@=\dimen107
)
(/usr/local/texlive/2015/texmf-dist/tex/latex/amsmath/amsopn.sty
Package: amsopn 1999/12/14 v2.01 operator names
)
\inf@bad=\count80
LaTeX Info: Redefining \frac on input line 210.
\uproot@=\count81
\leftroot@=\count82
LaTeX Info: Redefining \overline on input line 306.
\classnum@=\count83
\DOTSCASE@=\count84
LaTeX Info: Redefining \ldots on input line 378.
LaTeX Info: Redefining \dots on input line 381.
LaTeX Info: Redefining \cdots on input line 466.
\Mathstrutbox@=\box26
\strutbox@=\box27
\big@size=\dimen108
LaTeX Font Info:    Redeclaring font encoding OML on input line 566.
LaTeX Font Info:    Redeclaring font encoding OMS on input line 567.
\macc@depth=\count85
\c@MaxMatrixCols=\count86
\dotsspace@=\muskip10
\c@parentequation=\count87
\dspbrk@lvl=\count88
\tag@help=\toks17
\row@=\count89
\column@=\count90
\maxfields@=\count91
\andhelp@=\toks18
\eqnshift@=\dimen109
\alignsep@=\dimen110
\tagshift@=\dimen111
\tagwidth@=\dimen112
\totwidth@=\dimen113
\lineht@=\dimen114
\@envbody=\toks19
\multlinegap=\skip42
\multlinetaggap=\skip43
\mathdisplay@stack=\toks20
LaTeX Info: Redefining \[ on input line 2665.
LaTeX Info: Redefining \] on input line 2666.
)
Document Class 'sig-alternate' <9th June '13>. Modified by G.K.M. Tobin/Gerry M
urray/Boris Veytsman
Based in part upon document Style `acmconf' <22 May 89>. Hacked 4/91 by
shivers@cs.cmu.edu, 4/93 by theobald@cs.mcgill.ca
Excerpts were taken from (Journal Style) 'esub2acm.cls'.
****** Bugs/comments/suggestions/technicalities to Gerry Murray -- murray@hq.ac
m.org ******
Questions on the style, SIGS policies, etc. to Adrienne Griscti griscti@acm.org

\ACM@basesize=\count92
(/usr/local/texlive/2015/texmf-dist/tex/latex/comment/comment.sty
\CommentStream=\write3

Excluding comment 'comment') Excluding comment 'CCSXML'
\footheight=\dimen115
\@maxsep=\dimen116
\@dblmaxsep=\dimen117

(/usr/local/texlive/2015/texmf-dist/tex/generic/oberdiek/ifpdf.sty
Package: ifpdf 2011/01/30 v2.3 Provides the ifpdf switch (HO)
Package ifpdf Info: pdfTeX in PDF mode is detected.
)
\aucount=\count93
\originalaucount=\count94
\auwidth=\dimen118
\auskip=\dimen119
\auskipcount=\count95
\auskip=\dimen120
\allauboxes=\dimen121
\addauthors=\toks21
\addauflag=\count96
\subtitletext=\toks22
\savesection=\count97
\sectioncntr=\count98
\c@figure=\count99
\c@table=\count100
\titleboxnotes=\toks23
\titleboxnoteflag=\count101


LaTeX Warning: You have requested document class `sig-alternate-05-2015',
               but the document class provides `sig-alternate'.

Document Class: sig-alternate 2013/05/12 v2.7 based on acmproc.cls V1.3 <Nov. 3
0 '99>
(/usr/local/texlive/2015/texmf-dist/tex/latex/base/latexsym.sty
Package: latexsym 1998/08/17 v2.2e Standard LaTeX package (lasy symbols)
\symlasy=\mathgroup6
LaTeX Font Info:    Overwriting symbol font `lasy' in version `bold'
(Font)                  U/lasy/m/n --> U/lasy/b/n on input line 52.
)
\@acmtitlebox=\box28
\titlenotecount=\count102
\tntoks=\toks24
\tntokstwo=\toks25
\tntoksthree=\toks26
\tntoksfour=\toks27
\tntoksfive=\toks28
\catcount=\count103
\copyrightnotice=\toks29
\conf=\toks30
\confinfo=\toks31
\c@part=\count104
\c@section=\count105
\c@subsection=\count106
\c@subsubsection=\count107
\c@paragraph=\count108

Using 'Abbrev' bibliography style
LaTeX Info: Redefining \cite on input line 1408.
\bibindent=\dimen122
\colcntr=\count109
\saveb@x=\box29
\copyrtyr=\toks32
\acmcopyr=\toks33
\boilerplate=\toks34
(/usr/local/texlive/2015/texmf-dist/tex/latex/url/url.sty
\Urlmuskip=\muskip11
Package: url 2013/09/16  ver 3.4  Verb mode for urls, etc.
) (./acmcopyright.sty
Package: acmcopyright 2014/06/29 v1.2 Copyright statemens for ACM classes

(/usr/local/texlive/2015/texmf-dist/tex/latex/xkeyval/xkeyval.sty
Package: xkeyval 2014/12/03 v2.7a package option processing (HA)

(/usr/local/texlive/2015/texmf-dist/tex/generic/xkeyval/xkeyval.tex
(/usr/local/texlive/2015/texmf-dist/tex/generic/xkeyval/xkvutils.tex
\XKV@toks=\toks35
\XKV@tempa@toks=\toks36
)
\XKV@depth=\count110
File: xkeyval.tex 2014/12/03 v2.7a key=value parser (HA)
)))
\copyrightetc=\toks37

(/usr/local/texlive/2015/texmf-dist/tex/latex/base/fontenc.sty
Package: fontenc 2005/09/27 v1.99g Standard LaTeX package

(/usr/local/texlive/2015/texmf-dist/tex/latex/base/t1enc.def
File: t1enc.def 2005/09/27 v1.99g Standard LaTeX file
LaTeX Font Info:    Redeclaring font encoding T1 on input line 48.
)
LaTeX Font Info:    Try loading font information for T1+aer on input line 105.

(/usr/local/texlive/2015/texmf-dist/tex/latex/ae/t1aer.fd
File: t1aer.fd 1997/11/16 Font definitions for T1/aer.
))) (./fixme.sty
Package: fixme 2009/09/30 v4.1 Insert fixme notes in your documents

(/usr/local/texlive/2015/texmf-dist/tex/latex/base/ifthen.sty
Package: ifthen 2014/09/29 v1.1c Standard LaTeX ifthen package (DPC)
)
(/usr/local/texlive/2015/texmf-dist/tex/latex/tools/verbatim.sty
Package: verbatim 2014/10/28 v1.5q LaTeX2e package for verbatim enhancements
\every@verbatim=\toks38
\verbatim@line=\toks39
\verbatim@in@stream=\read1
)
\c@fixmecount=\count111
\c@fxnotecount=\count112
\c@fxwarningcount=\count113
\c@fxerrorcount=\count114
\c@fxfatalcount=\count115
) (./main.aux)
\openout1 = `main.aux'.

LaTeX Font Info:    Checking defaults for OML/cmm/m/it on input line 56.
LaTeX Font Info:    ... okay on input line 56.
LaTeX Font Info:    Checking defaults for T1/cmr/m/n on input line 56.
LaTeX Font Info:    ... okay on input line 56.
LaTeX Font Info:    Checking defaults for OT1/cmr/m/n on input line 56.
LaTeX Font Info:    ... okay on input line 56.
LaTeX Font Info:    Checking defaults for OMS/cmsy/m/n on input line 56.
LaTeX Font Info:    ... okay on input line 56.
LaTeX Font Info:    Checking defaults for OMX/cmex/m/n on input line 56.
LaTeX Font Info:    ... okay on input line 56.
LaTeX Font Info:    Checking defaults for U/cmr/m/n on input line 56.
LaTeX Font Info:    ... okay on input line 56.
(/usr/local/texlive/2015/texmf-dist/tex/context/base/supp-pdf.mkii
[Loading MPS to PDF converter (version 2006.09.02).]
\scratchcounter=\count116
\scratchdimen=\dimen123
\scratchbox=\box30
\nofMPsegments=\count117
\nofMParguments=\count118
\everyMPshowfont=\toks40
\MPscratchCnt=\count119
\MPscratchDim=\dimen124
\MPnumerator=\count120
\makeMPintoPDFobject=\count121
\everyMPtoPDFconversion=\toks41
) (/usr/local/texlive/2015/texmf-dist/tex/generic/oberdiek/pdftexcmds.sty
Package: pdftexcmds 2011/11/29 v0.20 Utility functions of pdfTeX for LuaTeX (HO
)

(/usr/local/texlive/2015/texmf-dist/tex/generic/oberdiek/ifluatex.sty
Package: ifluatex 2010/03/01 v1.3 Provides the ifluatex switch (HO)
Package ifluatex Info: LuaTeX not detected.
)
Package pdftexcmds Info: LuaTeX not detected.
Package pdftexcmds Info: \pdf@primitive is available.
Package pdftexcmds Info: \pdf@ifprimitive is available.
Package pdftexcmds Info: \pdfdraftmode found.
)
(/usr/local/texlive/2015/texmf-dist/tex/latex/oberdiek/epstopdf-base.sty
Package: epstopdf-base 2010/02/09 v2.5 Base part for package epstopdf

(/usr/local/texlive/2015/texmf-dist/tex/latex/oberdiek/grfext.sty
Package: grfext 2010/08/19 v1.1 Manage graphics extensions (HO)

(/usr/local/texlive/2015/texmf-dist/tex/generic/oberdiek/kvdefinekeys.sty
Package: kvdefinekeys 2011/04/07 v1.3 Define keys (HO)
))
(/usr/local/texlive/2015/texmf-dist/tex/latex/oberdiek/kvoptions.sty
Package: kvoptions 2011/06/30 v3.11 Key value format for package options (HO)

(/usr/local/texlive/2015/texmf-dist/tex/generic/oberdiek/kvsetkeys.sty
Package: kvsetkeys 2012/04/25 v1.16 Key value parser (HO)

(/usr/local/texlive/2015/texmf-dist/tex/generic/oberdiek/etexcmds.sty
Package: etexcmds 2011/02/16 v1.5 Avoid name clashes with e-TeX commands (HO)
Package etexcmds Info: Could not find \expanded.
(etexcmds)             That can mean that you are not using pdfTeX 1.50 or
(etexcmds)             that some package has redefined \expanded.
(etexcmds)             In the latter case, load this package earlier.
)))
Package grfext Info: Graphics extension search list:
(grfext)             [.png,.pdf,.jpg,.mps,.jpeg,.jbig2,.jb2,.PNG,.PDF,.JPG,.JPE
G,.JBIG2,.JB2,.eps]
(grfext)             \AppendGraphicsExtensions on input line 452.

(/usr/local/texlive/2015/texmf-dist/tex/latex/latexconfig/epstopdf-sys.cfg
File: epstopdf-sys.cfg 2010/07/13 v1.3 Configuration of (r)epstopdf for TeX Liv
e
))
LaTeX Font Info:    Try loading font information for U+msa on input line 191.

(/usr/local/texlive/2015/texmf-dist/tex/latex/amsfonts/umsa.fd
File: umsa.fd 2013/01/14 v3.01 AMS symbols A
)
LaTeX Font Info:    Try loading font information for U+msb on input line 191.

(/usr/local/texlive/2015/texmf-dist/tex/latex/amsfonts/umsb.fd
File: umsb.fd 2013/01/14 v3.01 AMS symbols B
)
LaTeX Font Info:    Try loading font information for U+lasy on input line 191.

(/usr/local/texlive/2015/texmf-dist/tex/latex/base/ulasy.fd
File: ulasy.fd 1998/08/17 v2.2e LaTeX symbol font definitions
)
LaTeX Font Info:    Try loading font information for T1+ptm on input line 191.

(/usr/local/texlive/2015/texmf-dist/tex/latex/psnfss/t1ptm.fd
File: t1ptm.fd 2001/06/04 font definitions for T1/ptm.
)
LaTeX Font Info:    Try loading font information for OMS+ptm on input line 191.


(/usr/local/texlive/2015/texmf-dist/tex/latex/psnfss/omsptm.fd
File: omsptm.fd 
)
LaTeX Font Info:    Font shape `OMS/ptm/m/n' in size <7> not available
(Font)              Font shape `OMS/cmsy/m/n' tried instead on input line 191.

(./sectionintro.tex
LaTeX Font Info:    Try loading font information for T1+aess on input line 15.
 (/usr/local/texlive/2015/texmf-dist/tex/latex/ae/t1aess.fd
File: t1aess.fd 1997/11/16 Font definitions for T1/aess.
)
FiXme Note: 'fixed, cite{stock, ecology, election, tourists} ' on input line 15
.
FiXme Note: 'cloud is fixed, cite{temperature, cloud, mountain peak}' on input 
line 16.
FiXme Note: ' Fixed: cite{www}' on input line 23.
<figure/flowchartWevaluation.png, id=1, 247.92625pt x 194.7275pt>
File: figure/flowchartWevaluation.png Graphic file (type png)

<use figure/flowchartWevaluation.png>
Package pdftex.def Info: figure/flowchartWevaluation.png used on input line 28.

(pdftex.def)             Requested size: 247.92564pt x 194.727pt.

Overfull \hbox (7.92564pt too wide) in paragraph at lines 28--29
 [][] 
 []

FiXme Note: 'first classifier, then prediction' on input line 29.
FiXme Note: 'first classifier, then prediction' on input line 29.
<image/citysnow.jpg, id=3, 154.176pt x 102.3825pt>
File: image/citysnow.jpg Graphic file (type jpg)
 <use image/citysnow.jpg>
Package pdftex.def Info: image/citysnow.jpg used on input line 38.
(pdftex.def)             Requested size: 95.76219pt x 50.58966pt.

<image/citysnow2.jpg, id=4, 481.8pt x 361.35pt>
File: image/citysnow2.jpg Graphic file (type jpg)
 <use image/citysnow2.jpg>
Package pdftex.def Info: image/citysnow2.jpg used on input line 39.
(pdftex.def)             Requested size: 95.75545pt x 50.58865pt.

<image/dogsnow.jpg, id=5, 642.4pt x 428.60126pt>
File: image/dogsnow.jpg Graphic file (type jpg)
 <use image/dogsnow.jpg>
Package pdftex.def Info: image/dogsnow.jpg used on input line 40.
(pdftex.def)             Requested size: 95.7579pt x 50.58627pt.

<image/humansnow.jpg, id=6, 642.4pt x 513.92pt>
File: image/humansnow.jpg Graphic file (type jpg)
 <use image/humansnow.jpg>
Package pdftex.def Info: image/humansnow.jpg used on input line 41.
(pdftex.def)             Requested size: 95.7579pt x 50.5873pt.

<image/intentiongreen.jpg, id=7, 642.4pt x 428.60126pt>
File: image/intentiongreen.jpg Graphic file (type jpg)

<use image/intentiongreen.jpg>
Package pdftex.def Info: image/intentiongreen.jpg used on input line 46.
(pdftex.def)             Requested size: 95.7579pt x 50.58627pt.

<image/waterfallgreen.jpg, id=8, 427.5975pt x 642.4pt>
File: image/waterfallgreen.jpg Graphic file (type jpg)

<use image/waterfallgreen.jpg>
Package pdftex.def Info: image/waterfallgreen.jpg used on input line 47.
(pdftex.def)             Requested size: 95.76161pt x 50.57945pt.
 <image/dogtree.jpg, id=9, 642.4pt x 642.4pt>
File: image/dogtree.jpg Graphic file (type jpg)

<use image/dogtree.jpg>
Package pdftex.def Info: image/dogtree.jpg used on input line 48.
(pdftex.def)             Requested size: 95.7579pt x 50.57945pt.
 <image/humantree.jpg, id=10, 256.96pt x 192.72pt>
File: image/humantree.jpg Graphic file (type jpg)

<use image/humantree.jpg>
Package pdftex.def Info: image/humantree.jpg used on input line 49.
(pdftex.def)             Requested size: 95.75986pt x 50.58827pt.
) (./sectionrelatedwork.tex
FiXme Note: 'received lots of attention from; or (become more and more popular 
to)' on input line 4.
FiXme Note: 'talk a lot about motivation of scientific report paper since it's 
in nature area' on input line 9.


LaTeX Warning: Citation `Can geo-tags on flickr draw coastlines?' on page \thep
age  undefined on input line 10.


LaTeX Warning: Citation `Analysis of panoramio photo tags in order to extract l
and use information' on page \thepage  undefined on input line 13.


LaTeX Warning: Citation `Towards Better Land Cover Classification Using Geo-tag
ged Photographs' on page \thepage  undefined on input line 13.

FiXme Note: 'cite{www}' on input line 14.

Package FiXme Warning: \fixme is deprecated;
(FiXme)                please use \fxfatal instead on input line 14.


FiXme Fatal Error: 'missing letter in compiling' on input line 14.

FiXme Note: 'accuracy of geo-temporal problem, and now it's getting better.' on
 input line 15.
[1{/usr/local/texlive/2015/texmf-var/fonts/map/pdftex/updmap/pdftex.map}


]

LaTeX Warning: Citation `transattri' on page \thepage  undefined on input line 
20.

FiXme Note: 'or just as the title: exploring correlations between appearance an
d temperature' on input line 20.

LaTeX Warning: Citation `hot or not' on page \thepage  undefined on input line 
20.

FiXme Note: 'give a term like social identity?' on input line 24.
FiXme Note: 'say more about our evaluation? or move this to another place?' on 
input line 28.
FiXme Note: 'write something about so there are very few work appears and so we
 are working on this?' on input line 32.
FiXme Note: 'crowd? I mean groups of people like downtown, not ski activity but
 like people going to work and back everyday also a good topic to use temporal 
dense images but Webcam is not good at this.' on input line 43.
FiXme Note: 'how helpful is this to study more areas close to urban planning, m
arket sharing, everyday living, anything related to people' on input line 43.
FiXme Note: 'not sure about keeping this paragraph or not. it seems duplicate o
f the 2 paragraphs above -- The fact that webcam can only be placed far away fr
om people makes it almost impossible to monitor people's activity, even not the
 surrounding area close to residential or \fxnote {crowd? I mean groups of peop
le like downtown, not ski activity but like people going to work and back every
day also a good topic to use temporal dense images but Webcam is not good at th
is.} Social media, on the other hand, provides a larger freedom on location dis
tribution. In fact, as a complementary, almost all the photos shared online are
 from locations people usually go to. \fxnote {how helpful is this to study mor
e areas close to urban planning, market sharing, everyday living, anything rela
ted to people} ' on input line 43.
FiXme Note: 'easy to get, more reliable' on input line 45.
FiXme Note: 'monitor? insight?' on input line 46.
FiXme Note: ' locations more related to people' on input line 47.
FiXme Note: 'just want to say more areas in natural or not only natural but als
o social' on input line 48.
) (./sectionmethod.tex
FiXme Note: 'cite{www}' on input line 12.
FiXme Note: 'cite{workshop}' on input line 16.
FiXme Note: 'section 3.3' on input line 23.
FiXme Note: 'cite{www}' on input line 25.
 [2 <./figure/flowchartWevaluation.png>]
FiXme Note: 'cite{workshop}' on input line 31.
FiXme Note: 'cite{SIFT}' on input line 38.
FiXme Note: 'From now on to the end of this paragraph, it's the same as our wor
kshop paper. Could you help me to give a shorter global description?' on input 
line 54.
FiXme Note: 'cite{oliva2001modeling}' on input line 57.
FiXme Note: 'cite{douze2009evaluation}' on input line 60.

Overfull \hbox (8.19742pt too wide) in paragraph at lines 51--61
\T1/aer/bx/n/9 liva2001modeling[]\T1/aer/m/n/9 . Our vari-ant pro-duces a 1536-
dimensional
 []


Overfull \hbox (44.24675pt too wide) in paragraph at lines 51--61
\T1/aer/m/n/9 fi-ca-tion re-sults sig-nif-i-cantly \T1/aess/bx/n/9 FiXme \T1/ae
r/bx/n/9 Note: cite-douze2009evaluation[]\T1/aer/m/n/9 . 
 []

FiXme Note: 'cite{krizhevsky2012imagenet} ' on input line 66.
FiXme Note: 'cite{ilsvrcarxiv14}' on input line 69.
FiXme Note: 'cite{Oquab14}' on input line 89.

Overfull \hbox (1.22186pt too wide) in paragraph at lines 92--92
[]\secfnt Aggregating Vi-sual Ev-i-dence Across Users 
 []

[3 <./image/citysnow.jpg> <./image/citysnow2.jpg> <./image/dogsnow.jpg> <./imag
e/humansnow.jpg> <./image/intentiongreen.jpg> <./image/waterfallgreen.jpg> <./i
mage/dogtree.jpg> <./image/humantree.jpg>]
FiXme Note: 'cite{www}' on input line 107.

Overfull \hbox (13.43137pt too wide) in paragraph at lines 107--123
[]\T1/aer/m/n/9 We adopt the like-li-hood model from \T1/aess/bx/n/9 FiXme \T1/
aer/bx/n/9 Note: citewww[]\T1/aer/m/n/9 ,
 []

FiXme Note: 'cite{www}' on input line 124.

Package amsmath Warning: Foreign command \atopwithdelims;
(amsmath)                \frac or \genfrac should be used instead
(amsmath)                 on input line 134.

) (./main.bbl)

FiXme Summary: Number of notes: 34,
(FiXme)        Number of warnings: 0,
(FiXme)        Number of errors: 0,
(FiXme)        Number of fatal errors: 1,
(FiXme)        Total: 35.

[4] (./main.aux) ) 
Here is how much of TeX's memory you used:
 3786 strings out of 493089
 51213 string characters out of 6134842
 128918 words of memory out of 5000000
 7130 multiletter control sequences out of 15000+600000
 58983 words of font info for 83 fonts, out of 8000000 for 9000
 1141 hyphenation exceptions out of 8191
 41i,11n,63p,885b,465s stack positions out of 5000i,500n,10000p,200000b,80000s
{/usr/local/texlive/2015/texmf-dist/fonts/enc/dvips/base/8r.e
nc}</usr/local/texlive/2015/texmf-dist/fonts/type1/public/amsfonts/cm/cmbx9.pfb
></usr/local/texlive/2015/texmf-dist/fonts/type1/public/amsfonts/cm/cmbxti10.pf
b></usr/local/texlive/2015/texmf-dist/fonts/type1/public/amsfonts/cmextra/cmex9
.pfb></usr/local/texlive/2015/texmf-dist/fonts/type1/public/amsfonts/cm/cmmi6.p
fb></usr/local/texlive/2015/texmf-dist/fonts/type1/public/amsfonts/cm/cmmi9.pfb
></usr/local/texlive/2015/texmf-dist/fonts/type1/public/amsfonts/cm/cmr6.pfb></
usr/local/texlive/2015/texmf-dist/fonts/type1/public/amsfonts/cm/cmr8.pfb></usr
/local/texlive/2015/texmf-dist/fonts/type1/public/amsfonts/cm/cmr9.pfb></usr/lo
cal/texlive/2015/texmf-dist/fonts/type1/public/amsfonts/cm/cmssbx10.pfb></usr/l
ocal/texlive/2015/texmf-dist/fonts/type1/public/amsfonts/cm/cmsy7.pfb></usr/loc
al/texlive/2015/texmf-dist/fonts/type1/public/amsfonts/cm/cmsy9.pfb></usr/local
/texlive/2015/texmf-dist/fonts/type1/public/amsfonts/cm/cmti9.pfb></usr/local/t
exlive/2015/texmf-dist/fonts/type1/urw/helvetic/uhvb8a.pfb></usr/local/texlive/
2015/texmf-dist/fonts/type1/urw/times/utmb8a.pfb></usr/local/texlive/2015/texmf
-dist/fonts/type1/urw/times/utmr8a.pfb></usr/local/texlive/2015/texmf-dist/font
s/type1/urw/times/utmri8a.pfb>
Output written on main.pdf (4 pages, 1408895 bytes).
PDF statistics:
 93 PDF objects out of 1000 (max. 8388607)
 60 compressed objects within 1 object stream
 0 named destinations out of 1000 (max. 500000)
 46 words of extra memory for PDF output out of 10000 (max. 10000000)

