\BOOKMARK [1][-]{section.1}{Introduction}{}
\BOOKMARK [1][-]{section.2}{Related work}{}
\BOOKMARK [1][-]{section.3}{method}{}
\BOOKMARK [2][-]{subsection.3.1}{Overview}{section.3}
\BOOKMARK [2][-]{subsection.3.2}{Scene Classification}{section.3}
\BOOKMARK [3][-]{subsubsection.3.2.1}{Combining Visual Features}{subsection.3.2}
\BOOKMARK [3][-]{subsubsection.3.2.2}{Deep learning}{subsection.3.2}
\BOOKMARK [2][-]{subsection.3.3}{Aggregating Visual Evidence Across Users}{section.3}
\BOOKMARK [1][-]{section.4}{experiments and results}{}
\BOOKMARK [2][-]{subsection.4.1}{Snow Case}{section.4}
\BOOKMARK [3][-]{subsubsection.4.1.1}{Scene Classification}{subsection.4.1}
\BOOKMARK [3][-]{subsubsection.4.1.2}{Snow Prediction on Cities}{subsection.4.1}
\BOOKMARK [3][-]{subsubsection.4.1.3}{Continental-scale Snow Prediction}{subsection.4.1}
\BOOKMARK [2][-]{subsection.4.2}{Vegetation Case}{section.4}
\BOOKMARK [3][-]{subsubsection.4.2.1}{Dataset}{subsection.4.2}
\BOOKMARK [3][-]{subsubsection.4.2.2}{Scene Classification}{subsection.4.2}
\BOOKMARK [3][-]{subsubsection.4.2.3}{Vegetation Coverage over Time and Space}{subsection.4.2}
\BOOKMARK [3][-]{subsubsection.4.2.4}{Performance at single place over time}{subsection.4.2}
\BOOKMARK [3][-]{subsubsection.4.2.5}{Single time over places}{subsection.4.2}
\BOOKMARK [1][-]{section.5}{References}{}
